/home/cesar/linux/apriltag_ws/install/apriltag_detection/lib/python3.10/site-packages/apriltag_detection/__init__.py
/home/cesar/linux/apriltag_ws/install/apriltag_detection/lib/python3.10/site-packages/apriltag_detection/tf_publisher.py
/home/cesar/linux/apriltag_ws/install/apriltag_detection/lib/python3.10/site-packages/apriltag_detection/apriltag_detection.py
/home/cesar/linux/apriltag_ws/install/apriltag_detection/lib/python3.10/site-packages/apriltag_detection/__pycache__/__init__.cpython-310.pyc
/home/cesar/linux/apriltag_ws/install/apriltag_detection/lib/python3.10/site-packages/apriltag_detection/__pycache__/tf_publisher.cpython-310.pyc
/home/cesar/linux/apriltag_ws/install/apriltag_detection/lib/python3.10/site-packages/apriltag_detection/__pycache__/apriltag_detection.cpython-310.pyc
/home/cesar/linux/apriltag_ws/install/apriltag_detection/share/ament_index/resource_index/packages/apriltag_detection
/home/cesar/linux/apriltag_ws/install/apriltag_detection/share/apriltag_detection/package.xml
/home/cesar/linux/apriltag_ws/install/apriltag_detection/share/apriltag_detection/launch/detection.launch.py
/home/cesar/linux/apriltag_ws/install/apriltag_detection/share/apriltag_detection/config
/home/cesar/linux/apriltag_ws/install/apriltag_detection/share/apriltag_detection/rviz/apriltag_rviz.rviz
/home/cesar/linux/apriltag_ws/install/apriltag_detection/lib/python3.10/site-packages/apriltag_detection-0.0.0-py3.10.egg-info/requires.txt
/home/cesar/linux/apriltag_ws/install/apriltag_detection/lib/python3.10/site-packages/apriltag_detection-0.0.0-py3.10.egg-info/entry_points.txt
/home/cesar/linux/apriltag_ws/install/apriltag_detection/lib/python3.10/site-packages/apriltag_detection-0.0.0-py3.10.egg-info/top_level.txt
/home/cesar/linux/apriltag_ws/install/apriltag_detection/lib/python3.10/site-packages/apriltag_detection-0.0.0-py3.10.egg-info/PKG-INFO
/home/cesar/linux/apriltag_ws/install/apriltag_detection/lib/python3.10/site-packages/apriltag_detection-0.0.0-py3.10.egg-info/SOURCES.txt
/home/cesar/linux/apriltag_ws/install/apriltag_detection/lib/python3.10/site-packages/apriltag_detection-0.0.0-py3.10.egg-info/zip-safe
/home/cesar/linux/apriltag_ws/install/apriltag_detection/lib/python3.10/site-packages/apriltag_detection-0.0.0-py3.10.egg-info/dependency_links.txt
/home/cesar/linux/apriltag_ws/install/apriltag_detection/lib/apriltag_detection/apriltag_detection
/home/cesar/linux/apriltag_ws/install/apriltag_detection/lib/apriltag_detection/tf_publisher
